<?xml version="1.0" encoding="UTF-8"?><testsuite errors="0" failures="0" name="com.bestbuy.crudtest.StoresCRUDTest" skipped="0" tests="4" time="0.17" timestamp="2023-06-06T23:02:53.017+01:00[Europe/London]"><testcase classname="com.bestbuy.crudtest.StoresCRUDTest" name="This will create a new store"/><testcase classname="com.bestbuy.crudtest.StoresCRUDTest" name="Verify if the Store was created to the store"/><testcase classname="com.bestbuy.crudtest.StoresCRUDTest" name="Update the store information and verify the updated store"/><testcase classname="com.bestbuy.crudtest.StoresCRUDTest" name="Delete the store and verify if the store is deleted"/></testsuite>